<?xml version="1.0" encoding="UTF-8"?>
<testng-results skipped="0" failed="0" total="2" passed="2">
  <reporter-output>
    <line>
      <![CDATA[Test is being run on Internet explorer]]>
    </line>
    <line>
      <![CDATA[user is navigated to http://frontier.uhg.com/Pages/Home.aspx]]>
    </line>
    <line>
      <![CDATA[content is UnitedHealthcare]]>
    </line>
    <line>
      <![CDATA[Test is being run on Internet explorer]]>
    </line>
    <line>
      <![CDATA[user is navigated to http://apsrt0397.uhc.com:18080/prweb/PRServletCustom/gMVid57gBjakhHQ70L5bPe4L8Es5cI8B*/!STANDARD?]]>
    </line>
    <line>
      <![CDATA[username entered]]>
    </line>
    <line>
      <![CDATA[Password entered]]>
    </line>
    <line>
      <![CDATA[Login button clicked]]>
    </line>
    <line>
      <![CDATA[content is Logout]]>
    </line>
  </reporter-output>
  <suite name="Suite" duration-ms="76551" started-at="2016-05-19T09:14:36Z" finished-at="2016-05-19T09:15:53Z">
    <groups>
    </groups>
    <test name="Test" duration-ms="76551" started-at="2016-05-19T09:14:36Z" finished-at="2016-05-19T09:15:53Z">
      <class name="test.FirstTest">
        <test-method status="PASS" signature="testSetUp(java.lang.String)[pri:0, instance:test.FirstTest@6bd7fadd]" name="testSetUp" is-config="true" duration-ms="5524" started-at="2016-05-19T14:44:36Z" finished-at="2016-05-19T14:44:42Z">
          <params>
            <param index="0">
              <value>
                <![CDATA[IE]]>
              </value>
            </param>
          </params>
          <reporter-output>
            <line>
              <![CDATA[Test is being run on Internet explorer]]>
            </line>
          </reporter-output>
        </test-method> <!-- testSetUp -->
        <test-method status="PASS" signature="checkLogo()[pri:1, instance:test.FirstTest@6bd7fadd]" name="checkLogo" duration-ms="13436" started-at="2016-05-19T14:44:42Z" finished-at="2016-05-19T14:44:55Z">
          <reporter-output>
            <line>
              <![CDATA[user is navigated to http://frontier.uhg.com/Pages/Home.aspx]]>
            </line>
            <line>
              <![CDATA[content is UnitedHealthcare]]>
            </line>
          </reporter-output>
        </test-method> <!-- checkLogo -->
        <test-method status="PASS" signature="kill()[pri:0, instance:test.FirstTest@6bd7fadd]" name="kill" is-config="true" duration-ms="2160" started-at="2016-05-19T14:44:55Z" finished-at="2016-05-19T14:44:58Z">
          <reporter-output>
          </reporter-output>
        </test-method> <!-- kill -->
        <test-method status="PASS" signature="testSetUp(java.lang.String)[pri:0, instance:test.FirstTest@6bd7fadd]" name="testSetUp" is-config="true" duration-ms="2876" started-at="2016-05-19T14:44:58Z" finished-at="2016-05-19T14:45:00Z">
          <params>
            <param index="0">
              <value>
                <![CDATA[IE]]>
              </value>
            </param>
          </params>
          <reporter-output>
            <line>
              <![CDATA[Test is being run on Internet explorer]]>
            </line>
          </reporter-output>
        </test-method> <!-- testSetUp -->
        <test-method status="PASS" signature="CheckSucceefulLoginPega()[pri:2, instance:test.FirstTest@6bd7fadd]" name="CheckSucceefulLoginPega" duration-ms="51296" started-at="2016-05-19T14:45:00Z" finished-at="2016-05-19T14:45:52Z">
          <reporter-output>
            <line>
              <![CDATA[user is navigated to http://apsrt0397.uhc.com:18080/prweb/PRServletCustom/gMVid57gBjakhHQ70L5bPe4L8Es5cI8B*/!STANDARD?]]>
            </line>
            <line>
              <![CDATA[username entered]]>
            </line>
            <line>
              <![CDATA[Password entered]]>
            </line>
            <line>
              <![CDATA[Login button clicked]]>
            </line>
            <line>
              <![CDATA[content is Logout]]>
            </line>
          </reporter-output>
        </test-method> <!-- CheckSucceefulLoginPega -->
        <test-method status="PASS" signature="kill()[pri:0, instance:test.FirstTest@6bd7fadd]" name="kill" is-config="true" duration-ms="1239" started-at="2016-05-19T14:45:52Z" finished-at="2016-05-19T14:45:53Z">
          <reporter-output>
          </reporter-output>
        </test-method> <!-- kill -->
      </class> <!-- test.FirstTest -->
    </test> <!-- Test -->
  </suite> <!-- Suite -->
</testng-results>
