<?xml version="1.0" encoding="UTF-8"?>
<testng-results skipped="0" failed="0" total="2" passed="2">
  <reporter-output>
    <line>
      <![CDATA[Test is being run on Internet explorer]]>
    </line>
    <line>
      <![CDATA[user is navigated to http://frontier.uhg.com/Pages/Home.aspx]]>
    </line>
    <line>
      <![CDATA[content is UnitedHealthcare]]>
    </line>
    <line>
      <![CDATA[Test is being run on Internet explorer]]>
    </line>
    <line>
      <![CDATA[user is navigated to http://apsrt0397.uhc.com:18080/prweb/PRServletCustom/gMVid57gBjakhHQ70L5bPe4L8Es5cI8B*/!STANDARD?]]>
    </line>
    <line>
      <![CDATA[username entered]]>
    </line>
    <line>
      <![CDATA[Password entered]]>
    </line>
    <line>
      <![CDATA[Login button clicked]]>
    </line>
    <line>
      <![CDATA[content is Logout]]>
    </line>
  </reporter-output>
  <suite name="Suite" duration-ms="71459" started-at="2016-05-19T09:24:54Z" finished-at="2016-05-19T09:26:06Z">
    <groups>
    </groups>
    <test name="Test" duration-ms="71459" started-at="2016-05-19T09:24:54Z" finished-at="2016-05-19T09:26:06Z">
      <class name="test.FirstTest">
        <test-method status="PASS" signature="testSetUp(java.lang.String)[pri:0, instance:test.FirstTest@73ccc3ea]" name="testSetUp" is-config="true" duration-ms="5339" started-at="2016-05-19T14:54:54Z" finished-at="2016-05-19T14:54:59Z">
          <params>
            <param index="0">
              <value>
                <![CDATA[IE]]>
              </value>
            </param>
          </params>
          <reporter-output>
            <line>
              <![CDATA[Test is being run on Internet explorer]]>
            </line>
          </reporter-output>
        </test-method> <!-- testSetUp -->
        <test-method status="PASS" signature="checkLogo()[pri:1, instance:test.FirstTest@73ccc3ea]" name="checkLogo" duration-ms="11318" started-at="2016-05-19T14:54:59Z" finished-at="2016-05-19T14:55:11Z">
          <reporter-output>
            <line>
              <![CDATA[user is navigated to http://frontier.uhg.com/Pages/Home.aspx]]>
            </line>
            <line>
              <![CDATA[content is UnitedHealthcare]]>
            </line>
          </reporter-output>
        </test-method> <!-- checkLogo -->
        <test-method status="PASS" signature="kill()[pri:0, instance:test.FirstTest@73ccc3ea]" name="kill" is-config="true" duration-ms="1232" started-at="2016-05-19T14:55:11Z" finished-at="2016-05-19T14:55:12Z">
          <reporter-output>
          </reporter-output>
        </test-method> <!-- kill -->
        <test-method status="PASS" signature="testSetUp(java.lang.String)[pri:0, instance:test.FirstTest@73ccc3ea]" name="testSetUp" is-config="true" duration-ms="2782" started-at="2016-05-19T14:55:12Z" finished-at="2016-05-19T14:55:15Z">
          <params>
            <param index="0">
              <value>
                <![CDATA[IE]]>
              </value>
            </param>
          </params>
          <reporter-output>
            <line>
              <![CDATA[Test is being run on Internet explorer]]>
            </line>
          </reporter-output>
        </test-method> <!-- testSetUp -->
        <test-method status="PASS" signature="CheckSucceefulLoginPega()[pri:2, instance:test.FirstTest@73ccc3ea]" name="CheckSucceefulLoginPega" duration-ms="49289" started-at="2016-05-19T14:55:15Z" finished-at="2016-05-19T14:56:04Z">
          <reporter-output>
            <line>
              <![CDATA[user is navigated to http://apsrt0397.uhc.com:18080/prweb/PRServletCustom/gMVid57gBjakhHQ70L5bPe4L8Es5cI8B*/!STANDARD?]]>
            </line>
            <line>
              <![CDATA[username entered]]>
            </line>
            <line>
              <![CDATA[Password entered]]>
            </line>
            <line>
              <![CDATA[Login button clicked]]>
            </line>
            <line>
              <![CDATA[content is Logout]]>
            </line>
          </reporter-output>
        </test-method> <!-- CheckSucceefulLoginPega -->
        <test-method status="PASS" signature="kill()[pri:0, instance:test.FirstTest@73ccc3ea]" name="kill" is-config="true" duration-ms="1472" started-at="2016-05-19T14:56:04Z" finished-at="2016-05-19T14:56:06Z">
          <reporter-output>
          </reporter-output>
        </test-method> <!-- kill -->
      </class> <!-- test.FirstTest -->
    </test> <!-- Test -->
  </suite> <!-- Suite -->
</testng-results>
