<?xml version="1.0" encoding="UTF-8"?>
<testng-results skipped="0" failed="2" total="2" passed="0">
  <reporter-output>
    <line>
      <![CDATA[Test is being run on Internet explorer]]>
    </line>
    <line>
      <![CDATA[Test is being run on Internet explorer]]>
    </line>
    <line>
      <![CDATA[user is navigated to http://frontier.uhg.com/Pages/Home.aspx]]>
    </line>
  </reporter-output>
  <suite name="Suite" duration-ms="18091" started-at="2016-05-18T10:19:37Z" finished-at="2016-05-18T10:19:55Z">
    <groups>
    </groups>
    <test name="Test" duration-ms="18091" started-at="2016-05-18T10:19:37Z" finished-at="2016-05-18T10:19:55Z">
      <class name="test.FirstTest">
        <test-method status="PASS" signature="testSetUp(java.lang.String)[pri:0, instance:test.FirstTest@1fa55132]" name="testSetUp" is-config="true" duration-ms="11131" started-at="2016-05-18T15:49:37Z" finished-at="2016-05-18T15:49:48Z">
          <params>
            <param index="0">
              <value>
                <![CDATA[IE]]>
              </value>
            </param>
          </params>
          <reporter-output>
            <line>
              <![CDATA[Test is being run on Internet explorer]]>
            </line>
          </reporter-output>
        </test-method> <!-- testSetUp -->
        <test-method status="PASS" signature="testSetUp(java.lang.String)[pri:0, instance:test.FirstTest@1fa55132]" name="testSetUp" is-config="true" duration-ms="11115" started-at="2016-05-18T15:49:37Z" finished-at="2016-05-18T15:49:48Z">
          <params>
            <param index="0">
              <value>
                <![CDATA[IE]]>
              </value>
            </param>
          </params>
          <reporter-output>
            <line>
              <![CDATA[Test is being run on Internet explorer]]>
            </line>
          </reporter-output>
        </test-method> <!-- testSetUp -->
        <test-method status="FAIL" signature="CheckSucceefulLoginPega()[pri:2, instance:test.FirstTest@1fa55132]" name="CheckSucceefulLoginPega" duration-ms="2503" started-at="2016-05-18T15:49:48Z" finished-at="2016-05-18T15:49:51Z">
          <exception class="org.openqa.selenium.UnsupportedCommandException">
            <message>
              <![CDATA[Error 404: Not Found
Not Found
Command duration or timeout: 2.47 seconds
Build info: version: '2.53.0', revision: '35ae25b1534ae328c771e0856c93e187490ca824', time: '2016-03-15 10:43:46'
System info: host: 'LH7U05CG5385HX7', ip: '10.198.82.65', os.name: 'Windows 7', os.arch: 'amd64', os.version: '6.1', java.version: '1.7.0_51'
Session ID: e6b185de-92fe-4f6d-bcb6-7321a4a01a58
Driver info: org.openqa.selenium.ie.InternetExplorerDriver
Capabilities [{platform=WINDOWS, javascriptEnabled=true, elementScrollBehavior=0, ignoreZoomSetting=true, enablePersistentHover=true, ie.ensureCleanSession=false, browserName=internet explorer, enableElementCacheCleanup=true, ie.enableFullPageScreenshot=true, unexpectedAlertBehaviour=dismiss, ie.fileUploadDialogTimeout=3000, ie.forceShellWindowsApi=false, version=11, pageLoadStrategy=normal, ignoreProtectedModeSettings=true, requireWindowFocus=false, initialBrowserUrl=http://localhost:28993/, ie.forceCreateProcessApi=false, proxy={proxyType=}, nativeEvents=true, browserAttachTimeout=0, ie.browserCommandLineSwitches=}]]]>
            </message>
            <full-stacktrace>
              <![CDATA[org.openqa.selenium.UnsupportedCommandException: Error 404: Not Found
Not Found
Command duration or timeout: 2.47 seconds
Build info: version: '2.53.0', revision: '35ae25b1534ae328c771e0856c93e187490ca824', time: '2016-03-15 10:43:46'
System info: host: 'LH7U05CG5385HX7', ip: '10.198.82.65', os.name: 'Windows 7', os.arch: 'amd64', os.version: '6.1', java.version: '1.7.0_51'
Session ID: e6b185de-92fe-4f6d-bcb6-7321a4a01a58
Driver info: org.openqa.selenium.ie.InternetExplorerDriver
Capabilities [{platform=WINDOWS, javascriptEnabled=true, elementScrollBehavior=0, ignoreZoomSetting=true, enablePersistentHover=true, ie.ensureCleanSession=false, browserName=internet explorer, enableElementCacheCleanup=true, ie.enableFullPageScreenshot=true, unexpectedAlertBehaviour=dismiss, ie.fileUploadDialogTimeout=3000, ie.forceShellWindowsApi=false, version=11, pageLoadStrategy=normal, ignoreProtectedModeSettings=true, requireWindowFocus=false, initialBrowserUrl=http://localhost:28993/, ie.forceCreateProcessApi=false, proxy={proxyType=}, nativeEvents=true, browserAttachTimeout=0, ie.browserCommandLineSwitches=}]
	at sun.reflect.NativeConstructorAccessorImpl.newInstance0(Native Method)
	at sun.reflect.NativeConstructorAccessorImpl.newInstance(Unknown Source)
	at sun.reflect.DelegatingConstructorAccessorImpl.newInstance(Unknown Source)
	at java.lang.reflect.Constructor.newInstance(Unknown Source)
	at org.openqa.selenium.remote.ErrorHandler.createThrowable(ErrorHandler.java:206)
	at org.openqa.selenium.remote.ErrorHandler.throwIfResponseFailed(ErrorHandler.java:158)
	at org.openqa.selenium.remote.RemoteWebDriver.execute(RemoteWebDriver.java:678)
	at org.openqa.selenium.remote.RemoteWebDriver.get(RemoteWebDriver.java:316)
	at main.pegaUHCMV.<init>(pegaUHCMV.java:24)
	at test.FirstTest.CheckSucceefulLoginPega(FirstTest.java:72)
	at sun.reflect.NativeMethodAccessorImpl.invoke0(Native Method)
	at sun.reflect.NativeMethodAccessorImpl.invoke(Unknown Source)
	at sun.reflect.DelegatingMethodAccessorImpl.invoke(Unknown Source)
	at java.lang.reflect.Method.invoke(Unknown Source)
	at org.testng.internal.MethodInvocationHelper.invokeMethod(MethodInvocationHelper.java:86)
	at org.testng.internal.Invoker.invokeMethod(Invoker.java:643)
	at org.testng.internal.Invoker.invokeTestMethod(Invoker.java:820)
	at org.testng.internal.Invoker.invokeTestMethods(Invoker.java:1128)
	at org.testng.internal.TestMethodWorker.invokeTestMethods(TestMethodWorker.java:129)
	at org.testng.internal.TestMethodWorker.run(TestMethodWorker.java:112)
	at java.util.concurrent.ThreadPoolExecutor.runWorker(Unknown Source)
	at java.util.concurrent.ThreadPoolExecutor$Worker.run(Unknown Source)
	at java.lang.Thread.run(Unknown Source)
]]>
            </full-stacktrace>
          </exception> <!-- org.openqa.selenium.UnsupportedCommandException -->
          <reporter-output>
          </reporter-output>
        </test-method> <!-- CheckSucceefulLoginPega -->
        <test-method status="FAIL" signature="checkLogo()[pri:1, instance:test.FirstTest@1fa55132]" name="checkLogo" duration-ms="4765" started-at="2016-05-18T15:49:48Z" finished-at="2016-05-18T15:49:53Z">
          <exception class="org.openqa.selenium.remote.UnreachableBrowserException">
            <message>
              <![CDATA[Error communicating with the remote browser. It may have died.
Build info: version: '2.53.0', revision: '35ae25b1534ae328c771e0856c93e187490ca824', time: '2016-03-15 10:43:46'
System info: host: 'LH7U05CG5385HX7', ip: '10.198.82.65', os.name: 'Windows 7', os.arch: 'amd64', os.version: '6.1', java.version: '1.7.0_51'
Driver info: driver.version: RemoteWebDriver
Session ID: e6b185de-92fe-4f6d-bcb6-7321a4a01a58
Capabilities [{platform=WINDOWS, javascriptEnabled=true, elementScrollBehavior=0, ignoreZoomSetting=true, enablePersistentHover=true, ie.ensureCleanSession=false, browserName=internet explorer, enableElementCacheCleanup=true, ie.enableFullPageScreenshot=true, unexpectedAlertBehaviour=dismiss, ie.fileUploadDialogTimeout=3000, ie.forceShellWindowsApi=false, version=11, pageLoadStrategy=normal, ignoreProtectedModeSettings=true, requireWindowFocus=false, initialBrowserUrl=http://localhost:28993/, ie.forceCreateProcessApi=false, proxy={proxyType=}, nativeEvents=true, browserAttachTimeout=0, ie.browserCommandLineSwitches=}]]]>
            </message>
            <full-stacktrace>
              <![CDATA[org.openqa.selenium.remote.UnreachableBrowserException: Error communicating with the remote browser. It may have died.
Build info: version: '2.53.0', revision: '35ae25b1534ae328c771e0856c93e187490ca824', time: '2016-03-15 10:43:46'
System info: host: 'LH7U05CG5385HX7', ip: '10.198.82.65', os.name: 'Windows 7', os.arch: 'amd64', os.version: '6.1', java.version: '1.7.0_51'
Driver info: driver.version: RemoteWebDriver
Session ID: e6b185de-92fe-4f6d-bcb6-7321a4a01a58
Capabilities [{platform=WINDOWS, javascriptEnabled=true, elementScrollBehavior=0, ignoreZoomSetting=true, enablePersistentHover=true, ie.ensureCleanSession=false, browserName=internet explorer, enableElementCacheCleanup=true, ie.enableFullPageScreenshot=true, unexpectedAlertBehaviour=dismiss, ie.fileUploadDialogTimeout=3000, ie.forceShellWindowsApi=false, version=11, pageLoadStrategy=normal, ignoreProtectedModeSettings=true, requireWindowFocus=false, initialBrowserUrl=http://localhost:28993/, ie.forceCreateProcessApi=false, proxy={proxyType=}, nativeEvents=true, browserAttachTimeout=0, ie.browserCommandLineSwitches=}]
	at org.openqa.selenium.remote.RemoteWebDriver.execute(RemoteWebDriver.java:665)
	at org.openqa.selenium.remote.RemoteWebDriver$RemoteWebDriverOptions$RemoteTimeouts.implicitlyWait(RemoteWebDriver.java:865)
	at test.FirstTest.checkLogo(FirstTest.java:62)
	at sun.reflect.NativeMethodAccessorImpl.invoke0(Native Method)
	at sun.reflect.NativeMethodAccessorImpl.invoke(Unknown Source)
	at sun.reflect.DelegatingMethodAccessorImpl.invoke(Unknown Source)
	at java.lang.reflect.Method.invoke(Unknown Source)
	at org.testng.internal.MethodInvocationHelper.invokeMethod(MethodInvocationHelper.java:86)
	at org.testng.internal.Invoker.invokeMethod(Invoker.java:643)
	at org.testng.internal.Invoker.invokeTestMethod(Invoker.java:820)
	at org.testng.internal.Invoker.invokeTestMethods(Invoker.java:1128)
	at org.testng.internal.TestMethodWorker.invokeTestMethods(TestMethodWorker.java:129)
	at org.testng.internal.TestMethodWorker.run(TestMethodWorker.java:112)
	at java.util.concurrent.ThreadPoolExecutor.runWorker(Unknown Source)
	at java.util.concurrent.ThreadPoolExecutor$Worker.run(Unknown Source)
	at java.lang.Thread.run(Unknown Source)
Caused by: org.openqa.selenium.WebDriverException: org.apache.http.conn.HttpHostConnectException: Connect to localhost:28993 [localhost/127.0.0.1, localhost/0:0:0:0:0:0:0:1] failed: Connection refused: connect
Build info: version: '2.53.0', revision: '35ae25b1534ae328c771e0856c93e187490ca824', time: '2016-03-15 10:43:46'
System info: host: 'LH7U05CG5385HX7', ip: '10.198.82.65', os.name: 'Windows 7', os.arch: 'amd64', os.version: '6.1', java.version: '1.7.0_51'
Driver info: driver.version: RemoteWebDriver
	at org.openqa.selenium.remote.service.DriverCommandExecutor.execute(DriverCommandExecutor.java:91)
	at org.openqa.selenium.remote.RemoteWebDriver.execute(RemoteWebDriver.java:644)
	... 15 more
Caused by: org.apache.http.conn.HttpHostConnectException: Connect to localhost:28993 [localhost/127.0.0.1, localhost/0:0:0:0:0:0:0:1] failed: Connection refused: connect
	at org.apache.http.impl.conn.DefaultHttpClientConnectionOperator.connect(DefaultHttpClientConnectionOperator.java:151)
	at org.apache.http.impl.conn.PoolingHttpClientConnectionManager.connect(PoolingHttpClientConnectionManager.java:353)
	at org.apache.http.impl.execchain.MainClientExec.establishRoute(MainClientExec.java:380)
	at org.apache.http.impl.execchain.MainClientExec.execute(MainClientExec.java:236)
	at org.apache.http.impl.execchain.ProtocolExec.execute(ProtocolExec.java:184)
	at org.apache.http.impl.execchain.RetryExec.execute(RetryExec.java:88)
	at org.apache.http.impl.execchain.RedirectExec.execute(RedirectExec.java:110)
	at org.apache.http.impl.client.InternalHttpClient.doExecute(InternalHttpClient.java:184)
	at org.apache.http.impl.client.CloseableHttpClient.execute(CloseableHttpClient.java:71)
	at org.apache.http.impl.client.CloseableHttpClient.execute(CloseableHttpClient.java:55)
	at org.openqa.selenium.remote.internal.ApacheHttpClient.fallBackExecute(ApacheHttpClient.java:144)
	at org.openqa.selenium.remote.internal.ApacheHttpClient.execute(ApacheHttpClient.java:90)
	at org.openqa.selenium.remote.HttpCommandExecutor.execute(HttpCommandExecutor.java:142)
	at org.openqa.selenium.remote.service.DriverCommandExecutor.execute(DriverCommandExecutor.java:82)
	... 16 more
Caused by: java.net.ConnectException: Connection refused: connect
	at java.net.DualStackPlainSocketImpl.waitForConnect(Native Method)
	at java.net.DualStackPlainSocketImpl.socketConnect(Unknown Source)
	at java.net.AbstractPlainSocketImpl.doConnect(Unknown Source)
	at java.net.AbstractPlainSocketImpl.connectToAddress(Unknown Source)
	at java.net.AbstractPlainSocketImpl.connect(Unknown Source)
	at java.net.PlainSocketImpl.connect(Unknown Source)
	at java.net.SocksSocketImpl.connect(Unknown Source)
	at java.net.Socket.connect(Unknown Source)
	at org.apache.http.conn.socket.PlainConnectionSocketFactory.connectSocket(PlainConnectionSocketFactory.java:74)
	at org.apache.http.impl.conn.DefaultHttpClientConnectionOperator.connect(DefaultHttpClientConnectionOperator.java:134)
	... 29 more
]]>
            </full-stacktrace>
          </exception> <!-- org.openqa.selenium.remote.UnreachableBrowserException -->
          <reporter-output>
            <line>
              <![CDATA[user is navigated to http://frontier.uhg.com/Pages/Home.aspx]]>
            </line>
          </reporter-output>
        </test-method> <!-- checkLogo -->
        <test-method status="FAIL" signature="kill()[pri:0, instance:test.FirstTest@1fa55132]" name="kill" is-config="true" duration-ms="0" started-at="2016-05-18T15:49:51Z" finished-at="2016-05-18T15:49:51Z">
          <exception class="org.openqa.selenium.remote.UnreachableBrowserException">
            <message>
              <![CDATA[Error communicating with the remote browser. It may have died.
Build info: version: '2.53.0', revision: '35ae25b1534ae328c771e0856c93e187490ca824', time: '2016-03-15 10:43:46'
System info: host: 'LH7U05CG5385HX7', ip: '10.198.82.65', os.name: 'Windows 7', os.arch: 'amd64', os.version: '6.1', java.version: '1.7.0_51'
Driver info: driver.version: RemoteWebDriver
Session ID: e6b185de-92fe-4f6d-bcb6-7321a4a01a58
Capabilities [{platform=WINDOWS, javascriptEnabled=true, elementScrollBehavior=0, ignoreZoomSetting=true, enablePersistentHover=true, ie.ensureCleanSession=false, browserName=internet explorer, enableElementCacheCleanup=true, ie.enableFullPageScreenshot=true, unexpectedAlertBehaviour=dismiss, ie.fileUploadDialogTimeout=3000, ie.forceShellWindowsApi=false, version=11, pageLoadStrategy=normal, ignoreProtectedModeSettings=true, requireWindowFocus=false, initialBrowserUrl=http://localhost:28993/, ie.forceCreateProcessApi=false, proxy={proxyType=}, nativeEvents=true, browserAttachTimeout=0, ie.browserCommandLineSwitches=}]]]>
            </message>
            <full-stacktrace>
              <![CDATA[org.openqa.selenium.remote.UnreachableBrowserException: Error communicating with the remote browser. It may have died.
Build info: version: '2.53.0', revision: '35ae25b1534ae328c771e0856c93e187490ca824', time: '2016-03-15 10:43:46'
System info: host: 'LH7U05CG5385HX7', ip: '10.198.82.65', os.name: 'Windows 7', os.arch: 'amd64', os.version: '6.1', java.version: '1.7.0_51'
Driver info: driver.version: RemoteWebDriver
Session ID: e6b185de-92fe-4f6d-bcb6-7321a4a01a58
Capabilities [{platform=WINDOWS, javascriptEnabled=true, elementScrollBehavior=0, ignoreZoomSetting=true, enablePersistentHover=true, ie.ensureCleanSession=false, browserName=internet explorer, enableElementCacheCleanup=true, ie.enableFullPageScreenshot=true, unexpectedAlertBehaviour=dismiss, ie.fileUploadDialogTimeout=3000, ie.forceShellWindowsApi=false, version=11, pageLoadStrategy=normal, ignoreProtectedModeSettings=true, requireWindowFocus=false, initialBrowserUrl=http://localhost:28993/, ie.forceCreateProcessApi=false, proxy={proxyType=}, nativeEvents=true, browserAttachTimeout=0, ie.browserCommandLineSwitches=}]
	at org.openqa.selenium.remote.RemoteWebDriver.execute(RemoteWebDriver.java:665)
	at org.openqa.selenium.remote.RemoteWebDriver.execute(RemoteWebDriver.java:701)
	at org.openqa.selenium.remote.RemoteWebDriver.quit(RemoteWebDriver.java:526)
	at test.FirstTest.kill(FirstTest.java:85)
	at sun.reflect.NativeMethodAccessorImpl.invoke0(Native Method)
	at sun.reflect.NativeMethodAccessorImpl.invoke(Unknown Source)
	at sun.reflect.DelegatingMethodAccessorImpl.invoke(Unknown Source)
	at java.lang.reflect.Method.invoke(Unknown Source)
	at org.testng.internal.MethodInvocationHelper.invokeMethod(MethodInvocationHelper.java:86)
	at org.testng.internal.Invoker.invokeConfigurationMethod(Invoker.java:514)
	at org.testng.internal.Invoker.invokeConfigurations(Invoker.java:215)
	at org.testng.internal.Invoker.invokeMethod(Invoker.java:707)
	at org.testng.internal.Invoker.invokeTestMethod(Invoker.java:820)
	at org.testng.internal.Invoker.invokeTestMethods(Invoker.java:1128)
	at org.testng.internal.TestMethodWorker.invokeTestMethods(TestMethodWorker.java:129)
	at org.testng.internal.TestMethodWorker.run(TestMethodWorker.java:112)
	at java.util.concurrent.ThreadPoolExecutor.runWorker(Unknown Source)
	at java.util.concurrent.ThreadPoolExecutor$Worker.run(Unknown Source)
	at java.lang.Thread.run(Unknown Source)
Caused by: java.lang.IllegalStateException: UnixUtils may not be used on Windows
	at org.openqa.selenium.os.ProcessUtils.getProcessId(ProcessUtils.java:189)
	at org.openqa.selenium.os.UnixProcess$SeleniumWatchDog.getPID(UnixProcess.java:222)
	at org.openqa.selenium.os.UnixProcess$SeleniumWatchDog.access$300(UnixProcess.java:201)
	at org.openqa.selenium.os.UnixProcess.destroy(UnixProcess.java:132)
	at org.openqa.selenium.os.CommandLine.destroy(CommandLine.java:155)
	at org.openqa.selenium.remote.service.DriverService.stop(DriverService.java:196)
	at org.openqa.selenium.remote.service.DriverCommandExecutor.execute(DriverCommandExecutor.java:94)
	at org.openqa.selenium.remote.RemoteWebDriver.execute(RemoteWebDriver.java:644)
	... 18 more
]]>
            </full-stacktrace>
          </exception> <!-- org.openqa.selenium.remote.UnreachableBrowserException -->
          <reporter-output>
          </reporter-output>
        </test-method> <!-- kill -->
        <test-method status="FAIL" signature="kill()[pri:0, instance:test.FirstTest@1fa55132]" name="kill" is-config="true" duration-ms="0" started-at="2016-05-18T15:49:53Z" finished-at="2016-05-18T15:49:53Z">
          <exception class="org.openqa.selenium.remote.UnreachableBrowserException">
            <message>
              <![CDATA[Error communicating with the remote browser. It may have died.
Build info: version: '2.53.0', revision: '35ae25b1534ae328c771e0856c93e187490ca824', time: '2016-03-15 10:43:46'
System info: host: 'LH7U05CG5385HX7', ip: '10.198.82.65', os.name: 'Windows 7', os.arch: 'amd64', os.version: '6.1', java.version: '1.7.0_51'
Driver info: driver.version: RemoteWebDriver
Capabilities [{platform=WINDOWS, javascriptEnabled=true, elementScrollBehavior=0, ignoreZoomSetting=true, enablePersistentHover=true, ie.ensureCleanSession=false, browserName=internet explorer, enableElementCacheCleanup=true, ie.enableFullPageScreenshot=true, unexpectedAlertBehaviour=dismiss, ie.fileUploadDialogTimeout=3000, ie.forceShellWindowsApi=false, version=11, pageLoadStrategy=normal, ignoreProtectedModeSettings=true, requireWindowFocus=false, initialBrowserUrl=http://localhost:28993/, ie.forceCreateProcessApi=false, proxy={proxyType=}, nativeEvents=true, browserAttachTimeout=0, ie.browserCommandLineSwitches=}]]]>
            </message>
            <full-stacktrace>
              <![CDATA[org.openqa.selenium.remote.UnreachableBrowserException: Error communicating with the remote browser. It may have died.
Build info: version: '2.53.0', revision: '35ae25b1534ae328c771e0856c93e187490ca824', time: '2016-03-15 10:43:46'
System info: host: 'LH7U05CG5385HX7', ip: '10.198.82.65', os.name: 'Windows 7', os.arch: 'amd64', os.version: '6.1', java.version: '1.7.0_51'
Driver info: driver.version: RemoteWebDriver
Capabilities [{platform=WINDOWS, javascriptEnabled=true, elementScrollBehavior=0, ignoreZoomSetting=true, enablePersistentHover=true, ie.ensureCleanSession=false, browserName=internet explorer, enableElementCacheCleanup=true, ie.enableFullPageScreenshot=true, unexpectedAlertBehaviour=dismiss, ie.fileUploadDialogTimeout=3000, ie.forceShellWindowsApi=false, version=11, pageLoadStrategy=normal, ignoreProtectedModeSettings=true, requireWindowFocus=false, initialBrowserUrl=http://localhost:28993/, ie.forceCreateProcessApi=false, proxy={proxyType=}, nativeEvents=true, browserAttachTimeout=0, ie.browserCommandLineSwitches=}]
	at org.openqa.selenium.remote.RemoteWebDriver.execute(RemoteWebDriver.java:665)
	at org.openqa.selenium.remote.RemoteWebDriver.execute(RemoteWebDriver.java:701)
	at org.openqa.selenium.remote.RemoteWebDriver.quit(RemoteWebDriver.java:526)
	at test.FirstTest.kill(FirstTest.java:85)
	at sun.reflect.NativeMethodAccessorImpl.invoke0(Native Method)
	at sun.reflect.NativeMethodAccessorImpl.invoke(Unknown Source)
	at sun.reflect.DelegatingMethodAccessorImpl.invoke(Unknown Source)
	at java.lang.reflect.Method.invoke(Unknown Source)
	at org.testng.internal.MethodInvocationHelper.invokeMethod(MethodInvocationHelper.java:86)
	at org.testng.internal.Invoker.invokeConfigurationMethod(Invoker.java:514)
	at org.testng.internal.Invoker.invokeConfigurations(Invoker.java:215)
	at org.testng.internal.Invoker.invokeMethod(Invoker.java:707)
	at org.testng.internal.Invoker.invokeTestMethod(Invoker.java:820)
	at org.testng.internal.Invoker.invokeTestMethods(Invoker.java:1128)
	at org.testng.internal.TestMethodWorker.invokeTestMethods(TestMethodWorker.java:129)
	at org.testng.internal.TestMethodWorker.run(TestMethodWorker.java:112)
	at java.util.concurrent.ThreadPoolExecutor.runWorker(Unknown Source)
	at java.util.concurrent.ThreadPoolExecutor$Worker.run(Unknown Source)
	at java.lang.Thread.run(Unknown Source)
Caused by: org.openqa.selenium.WebDriverException: org.apache.http.conn.HttpHostConnectException: Connect to localhost:28993 [localhost/127.0.0.1, localhost/0:0:0:0:0:0:0:1] failed: Connection refused: connect
Build info: version: '2.53.0', revision: '35ae25b1534ae328c771e0856c93e187490ca824', time: '2016-03-15 10:43:46'
System info: host: 'LH7U05CG5385HX7', ip: '10.198.82.65', os.name: 'Windows 7', os.arch: 'amd64', os.version: '6.1', java.version: '1.7.0_51'
Driver info: driver.version: RemoteWebDriver
	at org.openqa.selenium.remote.service.DriverCommandExecutor.execute(DriverCommandExecutor.java:91)
	at org.openqa.selenium.remote.RemoteWebDriver.execute(RemoteWebDriver.java:644)
	... 18 more
Caused by: org.apache.http.conn.HttpHostConnectException: Connect to localhost:28993 [localhost/127.0.0.1, localhost/0:0:0:0:0:0:0:1] failed: Connection refused: connect
	at org.apache.http.impl.conn.DefaultHttpClientConnectionOperator.connect(DefaultHttpClientConnectionOperator.java:151)
	at org.apache.http.impl.conn.PoolingHttpClientConnectionManager.connect(PoolingHttpClientConnectionManager.java:353)
	at org.apache.http.impl.execchain.MainClientExec.establishRoute(MainClientExec.java:380)
	at org.apache.http.impl.execchain.MainClientExec.execute(MainClientExec.java:236)
	at org.apache.http.impl.execchain.ProtocolExec.execute(ProtocolExec.java:184)
	at org.apache.http.impl.execchain.RetryExec.execute(RetryExec.java:88)
	at org.apache.http.impl.execchain.RedirectExec.execute(RedirectExec.java:110)
	at org.apache.http.impl.client.InternalHttpClient.doExecute(InternalHttpClient.java:184)
	at org.apache.http.impl.client.CloseableHttpClient.execute(CloseableHttpClient.java:71)
	at org.apache.http.impl.client.CloseableHttpClient.execute(CloseableHttpClient.java:55)
	at org.openqa.selenium.remote.internal.ApacheHttpClient.fallBackExecute(ApacheHttpClient.java:144)
	at org.openqa.selenium.remote.internal.ApacheHttpClient.execute(ApacheHttpClient.java:90)
	at org.openqa.selenium.remote.HttpCommandExecutor.execute(HttpCommandExecutor.java:142)
	at org.openqa.selenium.remote.service.DriverCommandExecutor.execute(DriverCommandExecutor.java:82)
	... 19 more
Caused by: java.net.ConnectException: Connection refused: connect
	at java.net.DualStackPlainSocketImpl.waitForConnect(Native Method)
	at java.net.DualStackPlainSocketImpl.socketConnect(Unknown Source)
	at java.net.AbstractPlainSocketImpl.doConnect(Unknown Source)
	at java.net.AbstractPlainSocketImpl.connectToAddress(Unknown Source)
	at java.net.AbstractPlainSocketImpl.connect(Unknown Source)
	at java.net.PlainSocketImpl.connect(Unknown Source)
	at java.net.SocksSocketImpl.connect(Unknown Source)
	at java.net.Socket.connect(Unknown Source)
	at org.apache.http.conn.socket.PlainConnectionSocketFactory.connectSocket(PlainConnectionSocketFactory.java:74)
	at org.apache.http.impl.conn.DefaultHttpClientConnectionOperator.connect(DefaultHttpClientConnectionOperator.java:134)
	... 32 more
]]>
            </full-stacktrace>
          </exception> <!-- org.openqa.selenium.remote.UnreachableBrowserException -->
          <reporter-output>
          </reporter-output>
        </test-method> <!-- kill -->
      </class> <!-- test.FirstTest -->
    </test> <!-- Test -->
  </suite> <!-- Suite -->
</testng-results>
